
> comment@0.0.0 start /home/bitnami/comment
> node ./bin/www


> comment@0.0.0 start /home/bitnami/comment
> node ./bin/www

[0mGET / [36m304 [0m5.764 ms - -[0m
[0mGET /javascripts/app.js [36m304 [0m1.585 ms - -[0m
[0mGET /comment-template.html [36m304 [0m1.223 ms - -[0m
[0mGET /comments [36m304 [0m18.050 ms - -[0m
[0mPUT /comments/56eb9a61f3ba738c36b7517d/upvote [32m200 [0m15.306 ms - 69[0m
[0mPUT /comments/56eb9a61f3ba738c36b7517d/upvote [32m200 [0m3.073 ms - 69[0m
[0mPUT /comments/56eb9a61f3ba738c36b7517d/upvote [32m200 [0m2.300 ms - 69[0m
[0mGET / [36m304 [0m0.345 ms - -[0m
[0mGET /javascripts/app.js [36m304 [0m0.339 ms - -[0m
[0mGET /comments [32m200 [0m3.846 ms - 283[0m
[0mGET /comment-template.html [32m200 [0m4.715 ms - 152[0m
[0mGET /javascripts/app.js [36m304 [0m0.299 ms - -[0m
[0mGET /comment-template.html [36m304 [0m0.791 ms - -[0m
[0mGET / [36m304 [0m0.363 ms - -[0m
[0mGET /javascripts/app.js [36m304 [0m0.398 ms - -[0m
[0mGET /comment-template.html [32m200 [0m2.048 ms - 153[0m
[0mGET /comments [36m304 [0m3.489 ms - -[0m
[0mPUT /comments/56eb9a61f3ba738c36b7517d/downvote [32m200 [0m2.171 ms - 69[0m
[0mPUT /comments/56eb9a61f3ba738c36b7517d/downvote [32m200 [0m2.928 ms - 69[0m
[0mPUT /comments/56eb9a61f3ba738c36b7517d/downvote [32m200 [0m2.231 ms - 69[0m
[0mPUT /comments/56eb9a61f3ba738c36b7517d/downvote [32m200 [0m2.354 ms - 69[0m
[0mPUT /comments/56eb9a61f3ba738c36b7517d/downvote [32m200 [0m2.970 ms - 69[0m
[0mPUT /comments/56eb9a61f3ba738c36b7517d/downvote [32m200 [0m2.894 ms - 69[0m
[0mPUT /comments/56eb9a61f3ba738c36b7517d/downvote [32m200 [0m2.458 ms - 69[0m
[0mPUT /comments/56eb9a61f3ba738c36b7517d/downvote [32m200 [0m4.311 ms - 70[0m
